0 info it worked if it ends with ok
1 verbose cli [ 'node', '/usr/local/bin/npm', 'version', 'patch' ]
2 info using npm@1.1.49
3 info using node@v0.8.7
4 silly exec git "status" "--porcelain"
5 silly git,status,--porcelain, spawning
6 error Error: Git working directory not clean.
6 error A  npm-debug.log
6 error M  package.json
6 error D sites/about.html
6 error M  sites/infoscreen.html
6 error     at /usr/local/lib/node_modules/npm/lib/version.js:82:33
6 error     at ChildProcess.<anonymous> (/usr/local/lib/node_modules/npm/lib/utils/exec.js:61:5)
6 error     at ChildProcess.EventEmitter.emit (events.js:91:17)
6 error     at Process._handle.onexit (child_process.js:674:10)
7 error If you need help, you may report this log at:
7 error     <http://github.com/isaacs/npm/issues>
7 error or email it to:
7 error     <npm-@googlegroups.com>
8 error System Darwin 12.3.0
9 error command "node" "/usr/local/bin/npm" "version" "patch"
10 error cwd /Users/jonny/Desktop/chinchilla
11 error node -v v0.8.7
12 error npm -v 1.1.49
13 verbose exit [ 1, true ]
